TN:
SF:src\api.js
FN:1,fetchOrganizationStructure
FN:20,transformApiResponse
FN:21,(anonymous_2)
FN:24,shortPosition
FN:30,parseCount
FN:35,parseSubLevel
FN:43,getProject
FN:54,getPhone
FN:58,getPhoto
FN:62,isSamePerson
FN:73,positionWeight
FN:89,sortUsersByPositionLevel
FN:103,transformNode
FN:106,(anonymous_13)
FN:107,(anonymous_14)
FN:109,(anonymous_15)
FN:126,(anonymous_16)
FN:141,(anonymous_17)
FN:144,(anonymous_18)
FN:145,(anonymous_19)
FNF:20
FNH:19
FNDA:12,fetchOrganizationStructure
FNDA:10,transformApiResponse
FNDA:9,(anonymous_2)
FNDA:18,shortPosition
FNDA:9,parseCount
FNDA:8,parseSubLevel
FNDA:8,getProject
FNDA:6,getPhone
FNDA:6,getPhoto
FNDA:8,isSamePerson
FNDA:0,positionWeight
FNDA:1,sortUsersByPositionLevel
FNDA:10,transformNode
FNDA:9,(anonymous_13)
FNDA:8,(anonymous_14)
FNDA:6,(anonymous_15)
FNDA:2,(anonymous_16)
FNDA:1,(anonymous_17)
FNDA:1,(anonymous_18)
FNDA:1,(anonymous_19)
DA:2,12
DA:4,12
DA:5,12
DA:7,11
DA:8,1
DA:11,10
DA:12,10
DA:14,2
DA:15,2
DA:16,2
DA:21,10
DA:25,18
DA:26,12
DA:27,12
DA:31,9
DA:32,9
DA:36,8
DA:37,7
DA:40,1
DA:44,8
DA:55,6
DA:59,6
DA:63,8
DA:65,4
DA:67,3
DA:68,8
DA:70,8
DA:74,0
DA:76,0
DA:78,0
DA:79,0
DA:80,0
DA:81,0
DA:82,0
DA:83,0
DA:84,0
DA:86,0
DA:90,1
DA:91,1
DA:94,0
DA:95,0
DA:97,0
DA:104,10
DA:106,10
DA:107,10
DA:109,10
DA:126,10
DA:141,10
DA:143,10
DA:144,10
DA:145,10
DA:147,10
DA:148,10
DA:149,10
DA:151,10
LF:55
LH:42
BRDA:7,0,0,1
BRDA:7,0,1,10
BRDA:21,1,0,10
BRDA:21,1,1,0
BRDA:25,2,0,6
BRDA:25,2,1,12
BRDA:27,3,0,1
BRDA:27,3,1,11
BRDA:31,4,0,9
BRDA:31,4,1,0
BRDA:32,5,0,9
BRDA:32,5,1,0
BRDA:36,6,0,7
BRDA:36,6,1,1
BRDA:36,7,0,8
BRDA:36,7,1,1
BRDA:36,7,2,1
BRDA:40,8,0,1
BRDA:40,8,1,0
BRDA:45,9,0,8
BRDA:45,9,1,8
BRDA:45,9,2,8
BRDA:45,9,3,8
BRDA:45,9,4,8
BRDA:45,9,5,8
BRDA:55,10,0,6
BRDA:55,10,1,6
BRDA:55,10,2,6
BRDA:55,10,3,6
BRDA:55,10,4,6
BRDA:59,11,0,6
BRDA:59,11,1,6
BRDA:59,11,2,6
BRDA:59,11,3,6
BRDA:59,11,4,6
BRDA:63,12,0,4
BRDA:63,12,1,4
BRDA:65,13,0,1
BRDA:65,13,1,3
BRDA:65,14,0,4
BRDA:65,14,1,4
BRDA:65,14,2,4
BRDA:67,15,0,3
BRDA:67,15,1,0
BRDA:68,16,0,8
BRDA:68,16,1,0
BRDA:70,17,0,8
BRDA:70,17,1,3
BRDA:70,17,2,3
BRDA:74,18,0,0
BRDA:74,18,1,0
BRDA:76,19,0,0
BRDA:76,19,1,0
BRDA:78,20,0,0
BRDA:78,20,1,0
BRDA:79,21,0,0
BRDA:79,21,1,0
BRDA:80,22,0,0
BRDA:80,22,1,0
BRDA:81,23,0,0
BRDA:81,23,1,0
BRDA:81,24,0,0
BRDA:81,24,1,0
BRDA:82,25,0,0
BRDA:82,25,1,0
BRDA:83,26,0,0
BRDA:83,26,1,0
BRDA:84,27,0,0
BRDA:84,27,1,0
BRDA:90,28,0,1
BRDA:90,28,1,0
BRDA:91,29,0,1
BRDA:91,29,1,0
BRDA:95,30,0,0
BRDA:95,30,1,0
BRDA:97,31,0,0
BRDA:97,31,1,0
BRDA:97,31,2,0
BRDA:98,32,0,1
BRDA:98,32,1,0
BRDA:98,32,2,0
BRDA:103,33,0,10
BRDA:104,34,0,10
BRDA:104,34,1,0
BRDA:111,35,0,6
BRDA:111,35,1,6
BRDA:119,36,0,6
BRDA:119,36,1,0
BRDA:121,37,0,6
BRDA:121,37,1,6
BRDA:122,38,0,6
BRDA:122,38,1,6
BRDA:126,39,0,10
BRDA:126,39,1,0
BRDA:136,40,0,2
BRDA:136,40,1,0
BRDA:141,41,0,10
BRDA:141,41,1,0
BRDA:144,42,0,1
BRDA:144,42,1,0
BRDA:145,43,0,1
BRDA:145,43,1,1
BRDA:154,44,0,10
BRDA:154,44,1,6
BRDA:155,45,0,10
BRDA:155,45,1,6
BRF:106
BRH:65
end_of_record
TN:
SF:src\changelog.js
FN:56,initChangelog
FN:77,(anonymous_1)
FN:81,(anonymous_2)
FN:87,(anonymous_3)
FN:92,openChangelogModal
FN:98,closeChangelogModal
FN:102,renderLatestVersion
FN:109,renderChangelog
FN:117,(anonymous_8)
FN:118,(anonymous_9)
FN:127,renderVersionEntry
FN:149,renderChangeGroup
FN:156,(anonymous_12)
FN:162,updateUnreadBadge
FN:168,hasUnreadLatestVersion
FN:175,markLatestVersionAsSeen
FN:182,getLatestEntry
FN:186,formatDate
FN:198,escapeHtml
FNF:19
FNH:18
FNDA:7,initChangelog
FNDA:4,(anonymous_1)
FNDA:1,(anonymous_2)
FNDA:1,(anonymous_3)
FNDA:4,openChangelogModal
FNDA:2,closeChangelogModal
FNDA:7,renderLatestVersion
FNDA:7,renderChangelog
FNDA:28,(anonymous_8)
FNDA:0,(anonymous_9)
FNDA:28,renderVersionEntry
FNDA:84,renderChangeGroup
FNDA:119,(anonymous_12)
FNDA:11,updateUnreadBadge
FNDA:11,hasUnreadLatestVersion
FNDA:4,markLatestVersionAsSeen
FNDA:22,getLatestEntry
FNDA:28,formatDate
FNDA:238,escapeHtml
DA:1,1
DA:3,1
DA:64,7
DA:65,7
DA:66,7
DA:67,7
DA:68,7
DA:69,7
DA:71,7
DA:73,7
DA:74,7
DA:75,7
DA:77,7
DA:78,4
DA:81,7
DA:82,1
DA:85,7
DA:88,1
DA:93,4
DA:94,4
DA:95,4
DA:99,2
DA:103,7
DA:105,7
DA:106,7
DA:110,7
DA:111,0
DA:112,0
DA:115,7
DA:117,7
DA:118,28
DA:119,0
DA:120,0
DA:122,0
DA:128,28
DA:130,28
DA:150,84
DA:152,63
DA:156,119
DA:163,11
DA:165,11
DA:169,11
DA:170,11
DA:172,11
DA:176,4
DA:177,4
DA:179,4
DA:183,22
DA:187,28
DA:189,28
DA:191,28
DA:199,238
LF:52
LH:47
BRDA:56,0,0,7
BRDA:57,1,0,7
BRDA:58,2,0,7
BRDA:59,3,0,7
BRDA:60,4,0,7
BRDA:61,5,0,7
BRDA:62,6,0,7
BRDA:71,7,0,0
BRDA:71,7,1,7
BRDA:71,8,0,7
BRDA:71,8,1,7
BRDA:71,8,2,7
BRDA:103,9,0,0
BRDA:103,9,1,7
BRDA:106,10,0,7
BRDA:106,10,1,0
BRDA:110,11,0,0
BRDA:110,11,1,7
BRDA:120,12,0,0
BRDA:120,12,1,0
BRDA:131,13,0,7
BRDA:131,13,1,21
BRDA:149,14,0,84
BRDA:150,15,0,21
BRDA:150,15,1,63
BRDA:163,16,0,0
BRDA:163,16,1,11
BRDA:170,17,0,0
BRDA:170,17,1,11
BRDA:177,18,0,0
BRDA:177,18,1,4
BRDA:183,19,0,22
BRDA:183,19,1,0
BRDA:187,20,0,0
BRDA:187,20,1,28
BRDA:199,21,0,238
BRDA:199,21,1,0
BRF:37
BRH:25
end_of_record
TN:
SF:src\chart-cards.js
FN:1,renderNodeContent
FN:39,renderDepartmentPdf
FN:69,renderEmployeePdf
FN:83,renderAssistantCardPdf
FN:97,renderVacancyPdf
FN:109,renderAssistantPdf
FN:130,renderProjectPdf
FN:141,renderAssistantCard
FN:157,renderDepartmentClassic
FN:175,renderDepartmentVariant2
FN:193,renderDepartmentVariant3
FN:212,renderEmployee
FN:227,renderVacancy
FN:241,renderAssistant
FN:254,renderProject
FN:265,normalizeProjects
FN:268,(anonymous_16)
FN:273,renderMenuButton
FN:283,renderScenarioBadge
FN:294,getScenarioClass
FN:298,getScenarioLabel
FN:306,getDisplayCount
FN:312,getInitials
FN:318,escapeHtml
FNF:24
FNH:23
FNDA:14,renderNodeContent
FNDA:1,renderDepartmentPdf
FNDA:2,renderEmployeePdf
FNDA:0,renderAssistantCardPdf
FNDA:1,renderVacancyPdf
FNDA:1,renderAssistantPdf
FNDA:3,renderProjectPdf
FNDA:1,renderAssistantCard
FNDA:4,renderDepartmentClassic
FNDA:1,renderDepartmentVariant2
FNDA:1,renderDepartmentVariant3
FNDA:2,renderEmployee
FNDA:1,renderVacancy
FNDA:6,renderAssistant
FNDA:4,renderProject
FNDA:7,normalizeProjects
FNDA:7,(anonymous_16)
FNDA:10,renderMenuButton
FNDA:10,renderScenarioBadge
FNDA:14,getScenarioClass
FNDA:10,getScenarioLabel
FNDA:7,getDisplayCount
FNDA:1,getInitials
FNDA:55,escapeHtml
DA:8,14
DA:10,14
DA:11,7
DA:12,1
DA:15,6
DA:16,1
DA:19,5
DA:20,1
DA:23,4
DA:26,7
DA:27,1
DA:32,6
DA:33,2
DA:36,4
DA:40,1
DA:70,2
DA:84,0
DA:98,1
DA:110,1
DA:112,0
DA:131,3
DA:132,3
DA:134,0
DA:142,1
DA:158,4
DA:176,1
DA:194,1
DA:213,2
DA:228,1
DA:242,6
DA:244,0
DA:255,4
DA:256,4
DA:258,1
DA:266,7
DA:268,7
DA:274,10
DA:276,9
DA:284,10
DA:285,10
DA:287,1
DA:295,14
DA:299,10
DA:300,9
DA:301,9
DA:302,9
DA:303,9
DA:307,7
DA:313,1
DA:314,1
DA:315,1
DA:319,55
LF:52
LH:48
BRDA:1,0,0,14
BRDA:3,1,0,14
BRDA:4,2,0,14
BRDA:5,3,0,14
BRDA:6,4,0,14
BRDA:7,5,0,14
BRDA:10,6,0,7
BRDA:10,6,1,7
BRDA:11,7,0,1
BRDA:11,7,1,6
BRDA:15,8,0,1
BRDA:15,8,1,5
BRDA:19,9,0,1
BRDA:19,9,1,4
BRDA:26,10,0,1
BRDA:26,10,1,6
BRDA:27,11,0,0
BRDA:27,11,1,1
BRDA:32,12,0,2
BRDA:32,12,1,4
BRDA:33,13,0,1
BRDA:33,13,1,1
BRDA:36,14,0,2
BRDA:36,14,1,2
BRDA:48,15,0,1
BRDA:48,15,1,0
BRDA:48,16,0,1
BRDA:48,16,1,1
BRDA:54,17,0,1
BRDA:54,17,1,0
BRDA:63,18,0,1
BRDA:63,18,1,0
BRDA:76,19,0,1
BRDA:76,19,1,1
BRDA:77,20,0,2
BRDA:77,20,1,0
BRDA:90,21,0,0
BRDA:90,21,1,0
BRDA:91,22,0,0
BRDA:91,22,1,0
BRDA:103,23,0,1
BRDA:103,23,1,0
BRDA:110,24,0,1
BRDA:110,24,1,0
BRDA:116,25,0,0
BRDA:116,25,1,0
BRDA:117,26,0,0
BRDA:117,26,1,0
BRDA:117,26,2,0
BRDA:121,27,0,0
BRDA:121,27,1,0
BRDA:132,28,0,3
BRDA:132,28,1,0
BRDA:151,29,0,1
BRDA:151,29,1,0
BRDA:165,30,0,4
BRDA:165,30,1,0
BRDA:166,31,0,4
BRDA:166,31,1,0
BRDA:168,32,0,4
BRDA:168,32,1,0
BRDA:184,33,0,1
BRDA:184,33,1,0
BRDA:185,34,0,1
BRDA:185,34,1,0
BRDA:203,35,0,1
BRDA:203,35,1,0
BRDA:204,36,0,1
BRDA:204,36,1,0
BRDA:221,37,0,2
BRDA:221,37,1,0
BRDA:235,38,0,1
BRDA:235,38,1,0
BRDA:242,39,0,6
BRDA:242,39,1,0
BRDA:245,40,0,0
BRDA:245,40,1,0
BRDA:247,41,0,6
BRDA:247,41,1,0
BRDA:247,41,2,0
BRDA:248,42,0,0
BRDA:248,42,1,0
BRDA:256,43,0,3
BRDA:256,43,1,1
BRDA:266,44,0,7
BRDA:266,44,1,6
BRDA:274,45,0,1
BRDA:274,45,1,9
BRDA:285,46,0,9
BRDA:285,46,1,1
BRDA:295,47,0,1
BRDA:295,47,1,13
BRDA:299,48,0,1
BRDA:299,48,1,9
BRDA:300,49,0,0
BRDA:300,49,1,9
BRDA:301,50,0,0
BRDA:301,50,1,9
BRDA:302,51,0,0
BRDA:302,51,1,9
BRDA:307,52,0,7
BRDA:307,52,1,0
BRDA:308,53,0,7
BRDA:308,53,1,0
BRDA:308,53,2,0
BRDA:309,54,0,0
BRDA:309,54,1,0
BRDA:313,55,0,1
BRDA:313,55,1,0
BRDA:314,56,0,0
BRDA:314,56,1,1
BRDA:315,57,0,1
BRDA:315,57,1,0
BRDA:315,58,0,1
BRDA:315,58,1,0
BRDA:319,59,0,55
BRDA:319,59,1,0
BRF:117
BRH:68
end_of_record
TN:
SF:src\employee-modal.js
FN:3,initEmployeeModal
FN:13,openEmployeeDetails
FN:93,closeEmployeeDetails
FN:99,escapeHtml
FNF:4
FNH:0
FNDA:0,initEmployeeModal
FNDA:0,openEmployeeDetails
FNDA:0,closeEmployeeDetails
FNDA:0,escapeHtml
DA:4,0
DA:8,0
DA:14,0
DA:15,0
DA:17,0
DA:19,0
DA:90,0
DA:94,0
DA:100,0
LF:9
LH:0
BRDA:17,0,0,0
BRDA:17,0,1,0
BRDA:17,1,0,0
BRDA:17,1,1,0
BRDA:22,2,0,0
BRDA:22,2,1,0
BRDA:27,3,0,0
BRDA:27,3,1,0
BRDA:39,4,0,0
BRDA:39,4,1,0
BRDA:39,4,2,0
BRDA:46,5,0,0
BRDA:46,5,1,0
BRDA:52,6,0,0
BRDA:52,6,1,0
BRDA:58,7,0,0
BRDA:58,7,1,0
BRDA:64,8,0,0
BRDA:64,8,1,0
BRDA:77,9,0,0
BRDA:77,9,1,0
BRDA:83,10,0,0
BRDA:83,10,1,0
BRDA:100,11,0,0
BRDA:100,11,1,0
BRF:25
BRH:0
end_of_record
TN:
SF:src\layout.js
FN:1,addLevels
FN:2,(anonymous_1)
FN:10,flattenTree
FN:11,(anonymous_3)
FNF:4
FNH:4
FNDA:11,addLevels
FNDA:7,(anonymous_1)
FNDA:13,flattenTree
FNDA:9,(anonymous_3)
DA:2,11
DA:3,7
DA:4,7
DA:5,6
DA:11,13
DA:12,9
DA:13,9
DA:15,13
LF:8
LH:8
BRDA:1,0,0,11
BRDA:4,1,0,6
BRDA:4,1,1,1
BRDA:10,2,0,13
BRDA:13,3,0,9
BRDA:13,3,1,0
BRF:6
BRH:5
end_of_record
TN:
SF:src\pdf-d3-export.js
FN:25,exportOrgChartToPdf
FN:75,buildExportTree
FN:84,(anonymous_2)
FN:85,(anonymous_3)
FN:87,(anonymous_4)
FN:101,convertDepartmentToExportNode
FN:128,(anonymous_6)
FN:139,(anonymous_7)
FN:140,(anonymous_8)
FN:141,(anonymous_9)
FN:142,(anonymous_10)
FN:153,convertUserToExportNode
FN:170,renderExportSvg
FN:208,buildLayout
FN:209,(anonymous_14)
FN:211,(anonymous_15)
FN:212,(anonymous_16)
FN:228,packChildrenIntoRows
FN:233,(anonymous_18)
FN:252,createLayoutRow
FN:256,(anonymous_20)
FN:260,assignPositions
FN:266,(anonymous_22)
FN:269,(anonymous_23)
FN:278,getBounds
FN:282,(anonymous_25)
FN:290,drawHeader
FN:336,drawConnectors
FN:337,(anonymous_28)
FN:338,(anonymous_29)
FN:349,drawConnector
FN:362,drawNodes
FN:363,(anonymous_32)
FN:368,drawCard
FN:439,getCardStyles
FN:471,getNodeTitle
FN:476,drawScenarioBadge
FN:501,drawProject
FN:525,drawCount
FN:548,appendWrappedText
FN:564,(anonymous_40)
FN:575,wrapText
FN:583,(anonymous_42)
FN:606,truncateText
FN:611,appendText
FN:630,createSvgElement
FN:633,(anonymous_46)
FN:640,saveSvgAsPdf
FN:681,loadImage
FN:682,(anonymous_49)
FN:685,(anonymous_50)
FN:692,walk
FN:694,(anonymous_52)
FN:697,findAdministrativeAssistantInSubtree
FN:711,findAdministrativeAssistant
FN:712,(anonymous_55)
FN:715,isAdministrativeAssistant
FN:723,normalizeProjects
FN:726,(anonymous_58)
FN:731,getScenarioLabel
FN:739,getScenarioColors
FN:759,formatDate
FN:767,sanitizeFileName
FN:775,createFallbackId
FNF:64
FNH:34
FNDA:2,exportOrgChartToPdf
FNDA:1,buildExportTree
FNDA:0,(anonymous_2)
FNDA:0,(anonymous_3)
FNDA:0,(anonymous_4)
FNDA:1,convertDepartmentToExportNode
FNDA:0,(anonymous_6)
FNDA:0,(anonymous_7)
FNDA:0,(anonymous_8)
FNDA:0,(anonymous_9)
FNDA:0,(anonymous_10)
FNDA:0,convertUserToExportNode
FNDA:1,renderExportSvg
FNDA:1,buildLayout
FNDA:0,(anonymous_14)
FNDA:0,(anonymous_15)
FNDA:0,(anonymous_16)
FNDA:1,packChildrenIntoRows
FNDA:0,(anonymous_18)
FNDA:0,createLayoutRow
FNDA:0,(anonymous_20)
FNDA:1,assignPositions
FNDA:0,(anonymous_22)
FNDA:0,(anonymous_23)
FNDA:1,getBounds
FNDA:1,(anonymous_25)
FNDA:1,drawHeader
FNDA:1,drawConnectors
FNDA:1,(anonymous_28)
FNDA:0,(anonymous_29)
FNDA:0,drawConnector
FNDA:1,drawNodes
FNDA:1,(anonymous_32)
FNDA:1,drawCard
FNDA:1,getCardStyles
FNDA:1,getNodeTitle
FNDA:0,drawScenarioBadge
FNDA:0,drawProject
FNDA:1,drawCount
FNDA:1,appendWrappedText
FNDA:1,(anonymous_40)
FNDA:1,wrapText
FNDA:1,(anonymous_42)
FNDA:0,truncateText
FNDA:5,appendText
FNDA:11,createSvgElement
FNDA:67,(anonymous_46)
FNDA:1,saveSvgAsPdf
FNDA:1,loadImage
FNDA:1,(anonymous_49)
FNDA:1,(anonymous_50)
FNDA:3,walk
FNDA:0,(anonymous_52)
FNDA:1,findAdministrativeAssistantInSubtree
FNDA:1,findAdministrativeAssistant
FNDA:0,(anonymous_55)
FNDA:0,isAdministrativeAssistant
FNDA:0,normalizeProjects
FNDA:0,(anonymous_58)
FNDA:0,getScenarioLabel
FNDA:0,getScenarioColors
FNDA:1,formatDate
FNDA:1,sanitizeFileName
FNDA:0,createFallbackId
DA:4,1
DA:5,1
DA:6,1
DA:7,1
DA:8,1
DA:9,1
DA:10,1
DA:11,1
DA:13,1
DA:33,2
DA:34,1
DA:35,1
DA:38,1
DA:39,1
DA:41,2
DA:42,0
DA:43,0
DA:46,1
DA:47,1
DA:52,1
DA:53,0
DA:56,1
DA:63,1
DA:65,1
DA:66,1
DA:68,1
DA:69,0
DA:70,0
DA:77,1
DA:84,0
DA:85,0
DA:87,0
DA:94,1
DA:102,1
DA:104,1
DA:118,1
DA:119,1
DA:121,1
DA:122,0
DA:128,1
DA:129,0
DA:138,1
DA:139,0
DA:140,0
DA:141,0
DA:143,0
DA:150,1
DA:154,0
DA:155,0
DA:157,0
DA:171,1
DA:172,1
DA:174,1
DA:176,1
DA:177,1
DA:179,1
DA:186,1
DA:196,1
DA:202,1
DA:203,1
DA:205,1
DA:209,1
DA:210,1
DA:211,1
DA:212,1
DA:213,0
DA:216,1
DA:229,1
DA:230,1
DA:231,1
DA:233,1
DA:234,0
DA:236,0
DA:237,0
DA:238,0
DA:239,0
DA:240,0
DA:243,0
DA:244,0
DA:247,1
DA:249,1
DA:253,0
DA:256,0
DA:261,1
DA:262,1
DA:264,1
DA:266,1
DA:267,0
DA:269,0
DA:270,0
DA:271,0
DA:274,0
DA:279,1
DA:280,1
DA:282,1
DA:283,1
DA:284,1
DA:287,1
DA:291,1
DA:299,1
DA:307,1
DA:308,0
DA:316,1
DA:324,1
DA:337,1
DA:338,1
DA:339,0
DA:350,0
DA:352,0
DA:363,1
DA:364,1
DA:369,1
DA:373,1
DA:375,1
DA:389,1
DA:390,0
DA:393,1
DA:404,1
DA:405,0
DA:416,1
DA:417,0
DA:428,1
DA:429,0
DA:432,1
DA:433,1
DA:436,1
DA:440,1
DA:441,1
DA:448,0
DA:449,0
DA:456,0
DA:457,0
DA:464,0
DA:472,1
DA:473,1
DA:477,0
DA:478,0
DA:480,0
DA:492,0
DA:502,0
DA:514,0
DA:526,1
DA:538,1
DA:562,1
DA:564,1
DA:565,1
DA:576,1
DA:577,1
DA:578,1
DA:580,1
DA:581,1
DA:583,1
DA:584,1
DA:586,1
DA:587,1
DA:588,1
DA:591,0
DA:592,0
DA:595,1
DA:597,1
DA:598,0
DA:599,0
DA:600,0
DA:603,1
DA:607,0
DA:608,0
DA:616,5
DA:626,5
DA:627,5
DA:631,11
DA:633,11
DA:634,67
DA:637,11
DA:641,1
DA:643,1
DA:644,1
DA:646,1
DA:650,1
DA:652,1
DA:653,1
DA:655,1
DA:656,1
DA:657,1
DA:659,1
DA:660,1
DA:661,1
DA:663,1
DA:665,1
DA:667,1
DA:674,1
DA:675,1
DA:677,1
DA:682,1
DA:683,1
DA:685,1
DA:686,1
DA:687,1
DA:688,1
DA:693,3
DA:694,3
DA:698,1
DA:700,1
DA:702,1
DA:703,0
DA:705,0
DA:708,1
DA:712,1
DA:716,0
DA:718,0
DA:720,0
DA:724,0
DA:726,0
DA:732,0
DA:733,0
DA:734,0
DA:735,0
DA:736,0
DA:740,0
DA:741,0
DA:744,0
DA:745,0
DA:748,0
DA:749,0
DA:752,0
DA:753,0
DA:756,0
DA:760,1
DA:768,1
DA:773,1
DA:776,0
DA:777,0
LF:231
LH:149
BRDA:25,0,0,2
BRDA:26,1,0,2
BRDA:27,2,0,2
BRDA:28,3,0,2
BRDA:29,4,0,2
BRDA:30,5,0,2
BRDA:31,6,0,2
BRDA:33,7,0,1
BRDA:33,7,1,1
BRDA:41,8,0,0
BRDA:41,8,1,2
BRDA:52,9,0,0
BRDA:52,9,1,1
BRDA:68,10,0,0
BRDA:68,10,1,1
BRDA:70,11,0,0
BRDA:70,11,1,0
BRDA:77,12,0,1
BRDA:77,12,1,0
BRDA:84,13,0,0
BRDA:84,13,1,0
BRDA:85,14,0,0
BRDA:85,14,1,0
BRDA:87,15,0,0
BRDA:87,15,1,0
BRDA:87,15,2,0
BRDA:101,16,0,1
BRDA:102,17,0,1
BRDA:102,17,1,0
BRDA:102,17,2,0
BRDA:107,18,0,1
BRDA:107,18,1,0
BRDA:107,18,2,0
BRDA:108,19,0,0
BRDA:108,19,1,1
BRDA:108,20,0,1
BRDA:108,20,1,1
BRDA:109,21,0,1
BRDA:109,21,1,1
BRDA:110,22,0,1
BRDA:110,22,1,0
BRDA:111,23,0,1
BRDA:111,23,1,0
BRDA:111,23,2,0
BRDA:112,24,0,0
BRDA:112,24,1,0
BRDA:114,25,0,1
BRDA:114,25,1,1
BRDA:118,26,0,1
BRDA:118,26,1,0
BRDA:119,27,0,1
BRDA:119,27,1,1
BRDA:121,28,0,0
BRDA:121,28,1,1
BRDA:128,29,0,1
BRDA:128,29,1,0
BRDA:138,30,0,1
BRDA:138,30,1,0
BRDA:139,31,0,0
BRDA:139,31,1,0
BRDA:140,32,0,0
BRDA:140,32,1,0
BRDA:153,33,0,0
BRDA:155,34,0,0
BRDA:155,34,1,0
BRDA:155,35,0,0
BRDA:155,35,1,0
BRDA:158,36,0,0
BRDA:158,36,1,0
BRDA:160,37,0,0
BRDA:160,37,1,0
BRDA:160,38,0,0
BRDA:160,38,1,0
BRDA:160,39,0,0
BRDA:160,39,1,0
BRDA:160,39,2,0
BRDA:162,40,0,0
BRDA:162,40,1,0
BRDA:165,41,0,0
BRDA:165,41,1,0
BRDA:208,42,0,1
BRDA:209,43,0,1
BRDA:209,43,1,0
BRDA:213,44,0,0
BRDA:213,44,1,0
BRDA:222,45,0,0
BRDA:222,45,1,1
BRDA:234,46,0,0
BRDA:234,46,1,0
BRDA:236,47,0,0
BRDA:236,47,1,0
BRDA:236,48,0,0
BRDA:236,48,1,0
BRDA:247,49,0,0
BRDA:247,49,1,1
BRDA:307,50,0,0
BRDA:307,50,1,1
BRDA:389,51,0,0
BRDA:389,51,1,1
BRDA:395,52,0,0
BRDA:395,52,1,1
BRDA:404,53,0,0
BRDA:404,53,1,1
BRDA:416,54,0,0
BRDA:416,54,1,1
BRDA:419,55,0,0
BRDA:419,55,1,0
BRDA:428,56,0,0
BRDA:428,56,1,1
BRDA:432,57,0,1
BRDA:432,57,1,0
BRDA:432,58,0,1
BRDA:432,58,1,1
BRDA:440,59,0,1
BRDA:440,59,1,0
BRDA:442,60,0,1
BRDA:442,60,1,0
BRDA:448,61,0,0
BRDA:448,61,1,0
BRDA:456,62,0,0
BRDA:456,62,1,0
BRDA:472,63,0,0
BRDA:472,63,1,1
BRDA:472,64,0,0
BRDA:472,64,1,0
BRDA:473,65,0,1
BRDA:473,65,1,0
BRDA:557,66,0,1
BRDA:558,67,0,1
BRDA:559,68,0,1
BRDA:562,69,0,1
BRDA:562,69,1,0
BRDA:584,70,0,0
BRDA:584,70,1,1
BRDA:586,71,0,1
BRDA:586,71,1,0
BRDA:591,72,0,0
BRDA:591,72,1,0
BRDA:595,73,0,1
BRDA:595,73,1,0
BRDA:597,74,0,0
BRDA:597,74,1,1
BRDA:607,75,0,0
BRDA:607,75,1,0
BRDA:614,76,0,5
BRDA:614,77,0,5
BRDA:614,78,0,5
BRDA:614,79,0,5
BRDA:626,80,0,5
BRDA:626,80,1,0
BRDA:630,81,0,11
BRDA:668,82,0,1
BRDA:668,82,1,0
BRDA:698,83,0,1
BRDA:698,83,1,0
BRDA:700,84,0,0
BRDA:700,84,1,1
BRDA:702,85,0,1
BRDA:702,85,1,0
BRDA:705,86,0,0
BRDA:705,86,1,0
BRDA:712,87,0,1
BRDA:712,87,1,1
BRDA:712,88,0,1
BRDA:712,88,1,0
BRDA:716,89,0,0
BRDA:716,89,1,0
BRDA:716,90,0,0
BRDA:716,90,1,0
BRDA:718,91,0,0
BRDA:718,91,1,0
BRDA:718,91,2,0
BRDA:724,92,0,0
BRDA:724,92,1,0
BRDA:732,93,0,0
BRDA:732,93,1,0
BRDA:733,94,0,0
BRDA:733,94,1,0
BRDA:734,95,0,0
BRDA:734,95,1,0
BRDA:735,96,0,0
BRDA:735,96,1,0
BRDA:740,97,0,0
BRDA:740,97,1,0
BRDA:744,98,0,0
BRDA:744,98,1,0
BRDA:748,99,0,0
BRDA:748,99,1,0
BRDA:752,100,0,0
BRDA:752,100,1,0
BRDA:768,101,0,1
BRDA:768,101,1,0
BRF:192
BRH:70
end_of_record
TN:
SF:src\render.js
FN:2,renderTree
FN:6,renderNode
FN:23,(anonymous_2)
FN:24,(anonymous_3)
FN:34,(anonymous_4)
FN:38,(anonymous_5)
FNF:6
FNH:0
FNDA:0,renderTree
FNDA:0,renderNode
FNDA:0,(anonymous_2)
FNDA:0,(anonymous_3)
FNDA:0,(anonymous_4)
FNDA:0,(anonymous_5)
DA:4,0
DA:7,0
DA:8,0
DA:9,0
DA:12,0
DA:15,0
DA:16,0
DA:20,0
DA:22,0
DA:23,0
DA:24,0
DA:26,0
DA:29,0
DA:30,0
DA:33,0
DA:34,0
DA:38,0
LF:17
LH:0
BRDA:6,0,0,0
BRDA:12,1,0,0
BRDA:12,1,1,0
BRDA:15,2,0,0
BRDA:15,2,1,0
BRDA:20,3,0,0
BRDA:20,3,1,0
BRDA:20,4,0,0
BRDA:20,4,1,0
BRDA:23,5,0,0
BRDA:23,5,1,0
BRDA:23,5,2,0
BRDA:33,6,0,0
BRDA:33,6,1,0
BRDA:33,7,0,0
BRDA:33,7,1,0
BRDA:38,8,0,0
BRDA:38,8,1,0
BRF:18
BRH:0
end_of_record
TN:
SF:src\scenario-manager.js
FN:3,createScenario
FN:14,cloneTree
FN:18,resetScenario
FN:22,renameScenario
FN:29,addDepartment
FN:68,editDepartment
FN:97,addEmployee
FN:141,editEmployee
FN:181,addVacancy
FN:223,editVacancy
FN:256,removeEmployee
FN:264,removeVacancy
FN:272,moveEmployee
FN:281,moveVacancy
FN:290,moveDepartment
FN:329,removeDepartment
FN:350,getTreeByViewMode
FN:362,getScenarioStats
FN:378,getDepartmentOptions
FN:381,walk
FN:382,(anonymous_20)
FN:397,findDepartmentById
FN:408,findUserById
FN:410,(anonymous_23)
FN:420,removeUser
FN:426,(anonymous_25)
FN:444,moveUser
FN:452,(anonymous_27)
FN:480,detachDepartment
FN:481,(anonymous_29)
FN:495,containsDepartment
FN:498,(anonymous_31)
FN:501,recalculateTree
FN:502,(anonymous_33)
FN:505,recalculateNode
FN:507,(anonymous_35)
FN:509,(anonymous_36)
FN:510,(anonymous_37)
FN:512,(anonymous_38)
FN:513,(anonymous_39)
FN:522,buildChangesTree
FN:525,(anonymous_41)
FN:527,(anonymous_42)
FN:543,aggregateStats
FN:548,walk_2
FN:549,(anonymous_45)
FN:552,(anonymous_46)
FN:574,appendOperation
FN:582,sortUsers
FN:586,sortUsersByPositionLevel
FN:600,positionWeight
FN:616,shortPosition
FN:622,parseSubLevel
FN:630,createLocalId
FNF:54
FNH:53
FNDA:53,createScenario
FNDA:145,cloneTree
FNDA:1,resetScenario
FNDA:3,renameScenario
FNDA:6,addDepartment
FNDA:5,editDepartment
FNDA:6,addEmployee
FNDA:4,editEmployee
FNDA:2,addVacancy
FNDA:2,editVacancy
FNDA:3,removeEmployee
FNDA:2,removeVacancy
FNDA:2,moveEmployee
FNDA:1,moveVacancy
FNDA:2,moveDepartment
FNDA:2,removeDepartment
FNDA:4,getTreeByViewMode
FNDA:2,getScenarioStats
FNDA:1,getDepartmentOptions
FNDA:3,walk
FNDA:2,(anonymous_20)
FNDA:82,findDepartmentById
FNDA:48,findUserById
FNDA:54,(anonymous_23)
FNDA:5,removeUser
FNDA:10,(anonymous_25)
FNDA:3,moveUser
FNDA:6,(anonymous_27)
FNDA:6,detachDepartment
FNDA:6,(anonymous_29)
FNDA:1,containsDepartment
FNDA:0,(anonymous_31)
FNDA:33,recalculateTree
FNDA:30,(anonymous_33)
FNDA:64,recalculateNode
FNDA:34,(anonymous_35)
FNDA:88,(anonymous_36)
FNDA:88,(anonymous_37)
FNDA:34,(anonymous_38)
FNDA:34,(anonymous_39)
FNDA:3,buildChangesTree
FNDA:2,(anonymous_41)
FNDA:3,(anonymous_42)
FNDA:4,aggregateStats
FNDA:12,walk_2
FNDA:8,(anonymous_45)
FNDA:13,(anonymous_46)
FNDA:30,appendOperation
FNDA:77,sortUsers
FNDA:60,sortUsersByPositionLevel
FNDA:36,positionWeight
FNDA:19,shortPosition
FNDA:10,parseSubLevel
FNDA:94,createLocalId
DA:1,1
DA:4,53
DA:15,145
DA:19,1
DA:23,3
DA:30,6
DA:32,6
DA:33,6
DA:35,5
DA:49,6
DA:50,6
DA:52,6
DA:54,6
DA:69,5
DA:71,5
DA:72,5
DA:74,4
DA:75,5
DA:76,5
DA:78,5
DA:79,3
DA:82,4
DA:84,4
DA:98,6
DA:100,6
DA:101,6
DA:103,5
DA:121,6
DA:122,6
DA:123,6
DA:125,6
DA:127,6
DA:142,4
DA:144,4
DA:145,4
DA:147,3
DA:148,4
DA:149,4
DA:150,4
DA:151,4
DA:152,4
DA:153,4
DA:154,4
DA:155,4
DA:156,4
DA:157,4
DA:159,4
DA:160,2
DA:163,3
DA:165,3
DA:167,3
DA:182,2
DA:184,2
DA:185,2
DA:187,1
DA:203,2
DA:204,2
DA:205,2
DA:207,2
DA:209,2
DA:224,2
DA:226,2
DA:227,2
DA:229,1
DA:230,2
DA:231,2
DA:232,2
DA:234,2
DA:235,1
DA:238,1
DA:240,1
DA:242,1
DA:257,3
DA:265,2
DA:273,2
DA:282,1
DA:291,2
DA:293,1
DA:295,1
DA:296,1
DA:298,1
DA:300,1
DA:301,0
DA:304,1
DA:306,1
DA:307,1
DA:310,1
DA:311,2
DA:313,2
DA:315,2
DA:330,2
DA:332,2
DA:333,2
DA:335,2
DA:337,2
DA:351,4
DA:352,1
DA:355,3
DA:356,1
DA:359,2
DA:363,2
DA:364,2
DA:366,2
DA:379,1
DA:382,3
DA:383,2
DA:388,2
DA:392,1
DA:394,1
DA:398,82
DA:399,76
DA:401,40
DA:402,76
DA:405,17
DA:409,48
DA:410,54
DA:411,44
DA:413,25
DA:414,44
DA:417,12
DA:421,5
DA:423,5
DA:424,5
DA:426,10
DA:428,5
DA:430,5
DA:445,3
DA:447,3
DA:448,3
DA:450,3
DA:452,6
DA:454,3
DA:459,3
DA:460,3
DA:461,3
DA:463,3
DA:465,3
DA:481,6
DA:483,6
DA:484,3
DA:487,3
DA:488,3
DA:489,3
DA:492,0
DA:496,1
DA:498,1
DA:502,33
DA:506,64
DA:507,64
DA:509,88
DA:510,88
DA:512,64
DA:513,64
DA:515,64
DA:516,64
DA:517,64
DA:519,64
DA:523,3
DA:525,3
DA:526,2
DA:527,3
DA:529,2
DA:530,0
DA:538,3
DA:540,3
DA:544,4
DA:545,4
DA:546,4
DA:549,12
DA:550,8
DA:552,8
DA:553,13
DA:554,4
DA:556,9
DA:560,8
DA:564,4
DA:566,4
DA:575,30
DA:583,77
DA:587,60
DA:588,42
DA:591,18
DA:592,18
DA:594,2
DA:601,36
DA:603,0
DA:605,36
DA:606,0
DA:607,0
DA:608,0
DA:609,0
DA:610,0
DA:611,0
DA:613,0
DA:617,19
DA:618,10
DA:619,10
DA:623,10
DA:624,9
DA:627,1
DA:631,94
LF:201
LH:190
BRDA:15,0,0,145
BRDA:15,0,1,2
BRDA:25,1,0,3
BRDA:25,1,1,1
BRDA:33,2,0,1
BRDA:33,2,1,5
BRDA:37,3,0,5
BRDA:37,3,1,0
BRDA:38,4,0,6
BRDA:38,4,1,5
BRDA:39,5,0,6
BRDA:39,5,1,5
BRDA:49,6,0,6
BRDA:49,6,1,0
BRDA:72,7,0,1
BRDA:72,7,1,4
BRDA:74,8,0,4
BRDA:74,8,1,1
BRDA:75,9,0,5
BRDA:75,9,1,3
BRDA:76,10,0,5
BRDA:76,10,1,4
BRDA:78,11,0,3
BRDA:78,11,1,2
BRDA:101,12,0,1
BRDA:101,12,1,5
BRDA:105,13,0,5
BRDA:105,13,1,0
BRDA:106,14,0,6
BRDA:106,14,1,0
BRDA:107,15,0,6
BRDA:107,15,1,0
BRDA:108,16,0,6
BRDA:108,16,1,0
BRDA:109,17,0,6
BRDA:109,17,1,0
BRDA:110,18,0,6
BRDA:110,18,1,5
BRDA:111,19,0,6
BRDA:111,19,1,5
BRDA:113,20,0,6
BRDA:113,20,1,5
BRDA:114,21,0,6
BRDA:114,21,1,5
BRDA:115,22,0,6
BRDA:115,22,1,5
BRDA:121,23,0,6
BRDA:121,23,1,0
BRDA:145,24,0,1
BRDA:145,24,1,3
BRDA:147,25,0,3
BRDA:147,25,1,0
BRDA:148,26,0,4
BRDA:148,26,1,0
BRDA:149,27,0,4
BRDA:149,27,1,0
BRDA:150,28,0,4
BRDA:150,28,1,2
BRDA:150,28,2,0
BRDA:151,29,0,4
BRDA:151,29,1,2
BRDA:151,29,2,0
BRDA:152,30,0,4
BRDA:152,30,1,2
BRDA:153,31,0,4
BRDA:153,31,1,3
BRDA:154,32,0,4
BRDA:154,32,1,3
BRDA:155,33,0,4
BRDA:155,33,1,3
BRDA:156,34,0,4
BRDA:156,34,1,3
BRDA:159,35,0,2
BRDA:159,35,1,2
BRDA:185,36,0,1
BRDA:185,36,1,1
BRDA:192,37,0,1
BRDA:192,37,1,0
BRDA:193,38,0,2
BRDA:193,38,1,0
BRDA:197,39,0,2
BRDA:197,39,1,1
BRDA:203,40,0,2
BRDA:203,40,1,0
BRDA:227,41,0,1
BRDA:227,41,1,1
BRDA:227,42,0,2
BRDA:227,42,1,2
BRDA:229,43,0,1
BRDA:229,43,1,0
BRDA:229,43,2,0
BRDA:230,44,0,2
BRDA:230,44,1,0
BRDA:230,44,2,0
BRDA:231,45,0,2
BRDA:231,45,1,0
BRDA:234,46,0,1
BRDA:234,46,1,1
BRDA:291,47,0,1
BRDA:291,47,1,1
BRDA:298,48,0,0
BRDA:298,48,1,1
BRDA:298,49,0,1
BRDA:298,49,1,1
BRDA:300,50,0,0
BRDA:300,50,1,1
BRDA:306,51,0,1
BRDA:306,51,1,0
BRDA:310,52,0,1
BRDA:310,52,1,0
BRDA:333,53,0,0
BRDA:333,53,1,2
BRDA:351,54,0,1
BRDA:351,54,1,3
BRDA:355,55,0,1
BRDA:355,55,1,2
BRDA:381,56,0,3
BRDA:385,57,0,2
BRDA:385,57,1,0
BRDA:388,58,0,2
BRDA:388,58,1,0
BRDA:398,59,0,82
BRDA:398,59,1,0
BRDA:399,60,0,36
BRDA:399,60,1,40
BRDA:401,61,0,40
BRDA:401,61,1,0
BRDA:402,62,0,29
BRDA:402,62,1,47
BRDA:409,63,0,48
BRDA:409,63,1,0
BRDA:410,64,0,44
BRDA:410,64,1,0
BRDA:411,65,0,19
BRDA:411,65,1,25
BRDA:413,66,0,25
BRDA:413,66,1,0
BRDA:414,67,0,17
BRDA:414,67,1,27
BRDA:424,68,0,0
BRDA:424,68,1,5
BRDA:426,69,0,5
BRDA:426,69,1,0
BRDA:438,70,0,5
BRDA:438,70,1,0
BRDA:438,70,2,0
BRDA:450,71,0,0
BRDA:450,71,1,3
BRDA:450,72,0,3
BRDA:450,72,1,3
BRDA:452,73,0,3
BRDA:452,73,1,0
BRDA:456,74,0,0
BRDA:456,74,1,3
BRDA:459,75,0,3
BRDA:459,75,1,0
BRDA:474,76,0,3
BRDA:474,76,1,0
BRDA:474,76,2,0
BRDA:483,77,0,3
BRDA:483,77,1,3
BRDA:488,78,0,3
BRDA:488,78,1,0
BRDA:489,79,0,3
BRDA:489,79,1,0
BRDA:496,80,0,0
BRDA:496,80,1,1
BRDA:498,81,0,1
BRDA:498,81,1,0
BRDA:506,82,0,64
BRDA:506,82,1,0
BRDA:509,83,0,64
BRDA:509,83,1,0
BRDA:510,84,0,64
BRDA:510,84,1,0
BRDA:512,85,0,34
BRDA:512,85,1,11
BRDA:513,86,0,34
BRDA:513,86,1,9
BRDA:519,87,0,64
BRDA:519,87,1,0
BRDA:526,88,0,2
BRDA:526,88,1,0
BRDA:527,89,0,2
BRDA:527,89,1,0
BRDA:529,90,0,0
BRDA:529,90,1,2
BRDA:529,91,0,2
BRDA:529,91,1,2
BRDA:529,91,2,2
BRDA:552,92,0,8
BRDA:552,92,1,0
BRDA:553,93,0,4
BRDA:553,93,1,9
BRDA:560,94,0,8
BRDA:560,94,1,0
BRDA:583,95,0,77
BRDA:583,95,1,0
BRDA:587,96,0,42
BRDA:587,96,1,18
BRDA:588,97,0,32
BRDA:588,97,1,10
BRDA:592,98,0,16
BRDA:592,98,1,2
BRDA:594,99,0,2
BRDA:594,99,1,0
BRDA:594,99,2,0
BRDA:595,100,0,60
BRDA:595,100,1,0
BRDA:595,100,2,0
BRDA:601,101,0,36
BRDA:601,101,1,0
BRDA:603,102,0,0
BRDA:603,102,1,0
BRDA:605,103,0,0
BRDA:605,103,1,36
BRDA:606,104,0,0
BRDA:606,104,1,0
BRDA:607,105,0,0
BRDA:607,105,1,0
BRDA:608,106,0,0
BRDA:608,106,1,0
BRDA:608,107,0,0
BRDA:608,107,1,0
BRDA:609,108,0,0
BRDA:609,108,1,0
BRDA:610,109,0,0
BRDA:610,109,1,0
BRDA:611,110,0,0
BRDA:611,110,1,0
BRDA:617,111,0,9
BRDA:617,111,1,10
BRDA:619,112,0,0
BRDA:619,112,1,10
BRDA:623,113,0,9
BRDA:623,113,1,1
BRDA:623,114,0,10
BRDA:623,114,1,1
BRDA:623,114,2,1
BRDA:627,115,0,1
BRDA:627,115,1,0
BRF:241
BRH:160
end_of_record
TN:
SF:src\sidebar-tree.js
FN:3,createSyntheticRoot
FN:4,(anonymous_1)
FN:5,(anonymous_2)
FN:20,buildTreeView
FN:51,createNodeElement
FN:87,(anonymous_5)
FN:98,(anonymous_6)
FN:107,(anonymous_7)
FN:112,(anonymous_8)
FN:119,(anonymous_9)
FNF:10
FNH:0
FNDA:0,createSyntheticRoot
FNDA:0,(anonymous_1)
FNDA:0,(anonymous_2)
FNDA:0,buildTreeView
FNDA:0,createNodeElement
FNDA:0,(anonymous_5)
FNDA:0,(anonymous_6)
FNDA:0,(anonymous_7)
FNDA:0,(anonymous_8)
FNDA:0,(anonymous_9)
DA:4,0
DA:5,0
DA:7,0
DA:26,0
DA:28,0
DA:29,0
DA:31,0
DA:34,0
DA:38,0
DA:46,0
DA:48,0
DA:58,0
DA:60,0
DA:61,0
DA:63,0
DA:64,0
DA:65,0
DA:66,0
DA:68,0
DA:69,0
DA:70,0
DA:72,0
DA:73,0
DA:76,0
DA:77,0
DA:78,0
DA:80,0
DA:81,0
DA:83,0
DA:84,0
DA:87,0
DA:88,0
DA:96,0
DA:98,0
DA:99,0
DA:101,0
DA:103,0
DA:104,0
DA:107,0
DA:108,0
DA:110,0
DA:112,0
DA:114,0
DA:116,0
DA:119,0
DA:120,0
DA:122,0
DA:123,0
DA:127,0
LF:49
LH:0
BRDA:4,0,0,0
BRDA:4,0,1,0
BRDA:5,1,0,0
BRDA:5,1,1,0
BRDA:34,2,0,0
BRDA:34,2,1,0
BRDA:56,3,0,0
BRDA:66,4,0,0
BRDA:66,4,1,0
BRDA:70,5,0,0
BRDA:70,5,1,0
BRDA:72,6,0,0
BRDA:72,6,1,0
BRDA:81,7,0,0
BRDA:81,7,1,0
BRDA:83,8,0,0
BRDA:83,8,1,0
BRDA:87,9,0,0
BRDA:87,9,1,0
BRDA:103,10,0,0
BRDA:103,10,1,0
BRDA:104,11,0,0
BRDA:104,11,1,0
BRDA:122,12,0,0
BRDA:122,12,1,0
BRF:25
BRH:0
end_of_record
